Arguments: 
  /usr/local/bin/node /usr/local/Cellar/yarn/1.22.4/libexec/bin/yarn.js add cypress --dev

PATH: 
  /Users/wilson/Library/Python/3.7/bin:/usr/local/bin:/usr/bin:/bin:/usr/sbin:/sbin:/usr/local/go/bin

Yarn version: 
  1.22.4

Node version: 
  12.13.0

Platform: 
  darwin x64

Trace: 
  Error: https://registry.npm.taobao.org/cypress: tunneling socket could not be established, cause=connect EHOSTUNREACH 0.0.4.63:80 - Local (172.16.0.9:63355)
      at ClientRequest.onError (/usr/local/Cellar/yarn/1.22.4/libexec/lib/cli.js:152234:17)
      at Object.onceWrapper (events.js:300:26)
      at ClientRequest.emit (events.js:210:5)
      at Socket.socketErrorListener (_http_client.js:406:9)
      at Socket.emit (events.js:210:5)
      at emitErrorNT (internal/streams/destroy.js:92:8)
      at emitErrorAndCloseNT (internal/streams/destroy.js:60:3)
      at processTicksAndRejections (internal/process/task_queues.js:80:21)

npm manifest: 
  {
    "name": "rancher_cypress",
    "version": "1.0.0",
    "description": "",
    "main": "index.js",
    "scripts": {
      "test": "echo \"Error: no test specified\" && exit 1"
    },
    "author": "",
    "license": "ISC"
  }

yarn manifest: 
  No manifest

Lockfile: 
  No lockfile
